[Tue, 19. May 2026 00:42:30 GMT+07:00 | ID 1030089627576574023] duc1512: /linkaccount
[Tue, 19. May 2026 00:42:40 GMT+07:00 | ID 1030089627576574023] duc1512: kick @a
[Tue, 19. May 2026 12:15:30 GMT+07:00 | ID 1030089627576574023] duc1512: kick CaptainAta
[Tue, 19. May 2026 13:33:26 GMT+07:00 | ID 1030089627576574023] duc1512: difficulty hard
[Tue, 19. May 2026 13:53:15 GMT+07:00 | ID 1030089627576574023] duc1512: tp CaptainAta ductrongnguyen
[Tue, 19. May 2026 14:35:24 GMT+07:00 | ID 956457321792413696] chaydidauday: .
[Tue, 19. May 2026 15:10:56 GMT+07:00 | ID 956457321792413696] chaydidauday: how
[Tue, 19. May 2026 15:11:03 GMT+07:00 | ID 956457321792413696] chaydidauday: /help
[Tue, 19. May 2026 15:11:13 GMT+07:00 | ID 956457321792413696] chaydidauday: "/help
[Tue, 19. May 2026 15:12:35 GMT+07:00 | ID 956457321792413696] chaydidauday: "/help"
[Tue, 19. May 2026 15:12:46 GMT+07:00 | ID 956457321792413696] chaydidauday: / help
[Tue, 19. May 2026 15:30:12 GMT+07:00 | ID 956457321792413696] chaydidauday: effect give CaptainAta night_vision infinite
[Tue, 19. May 2026 15:30:28 GMT+07:00 | ID 956457321792413696] chaydidauday: effect give triet night_vision infinite
[Tue, 19. May 2026 15:30:55 GMT+07:00 | ID 956457321792413696] chaydidauday: effect give khanhtanhd night_vision infinite
[Tue, 19. May 2026 15:33:18 GMT+07:00 | ID 1030089627576574023] duc1512: say DucAnhGay
[Tue, 19. May 2026 15:34:25 GMT+07:00 | ID 1030089627576574023] duc1512: say Da ngu kìa
[Tue, 19. May 2026 15:34:40 GMT+07:00 | ID 956457321792413696] chaydidauday: effect give CaptainAta night_vision infinite
[Tue, 19. May 2026 15:36:23 GMT+07:00 | ID 956457321792413696] chaydidauday: effect give CaptainAta night_vision infinite
[Tue, 19. May 2026 15:49:44 GMT+07:00 | ID 956457321792413696] chaydidauday: effect give triey night_vision infinite
[Tue, 19. May 2026 15:49:51 GMT+07:00 | ID 956457321792413696] chaydidauday: effect give triet night_vision infinite
[Tue, 19. May 2026 16:20:29 GMT+07:00 | ID 1030089627576574023] duc1512: stop
